Exporter version: 2.80.1, Blender version: 2.82 (sub 7)
========= Conversion from Blender to Babylon.js =========
	Scene settings used :
		Inline textures     :  false
		Material Type       :  PBR
		Positions Precision :  4
		Normals Precision   :  3
		UVs Precision       :  3
		Vert Color Precision:  3
		Mat Weight Precision:  2
		Keep Z-up r-handed  :  no
		Texture directory   :  C:\Users\varun\Documents\Visual Studio\varun-unnithan\src\models\
	Python World class constructor completed
	WARNING: No active camera has been assigned, or is not in a currently selected Blender layer
	processing begun of mesh:  Text
		WARNING: No materials have been assigned: 
		num positions      :  640
		num normals        :  640
		num tangents       :  0
		num uvs            :  1280
		num uvs2           :  0
		num colors         :  0
		num triangles      :  316
	processing begun of mesh:  Text.001
		WARNING: No materials have been assigned: 
		num positions      :  2101
		num normals        :  2101
		num tangents       :  0
		num uvs            :  4202
		num uvs2           :  0
		num colors         :  0
		num triangles      :  980
	processing begun of mesh:  Text.002
		WARNING: No materials have been assigned: 
		num positions      :  103
		num normals        :  103
		num tangents       :  0
		num uvs            :  206
		num uvs2           :  0
		num colors         :  0
		num triangles      :  44
	processing begun of mesh:  Text.003
		WARNING: No materials have been assigned: 
		num positions      :  76
		num normals        :  76
		num tangents       :  0
		num uvs            :  152
		num uvs2           :  0
		num colors         :  0
		num triangles      :  28
	processing begun of mesh:  Text.004
		WARNING: No materials have been assigned: 
		num positions      :  31
		num normals        :  31
		num tangents       :  0
		num uvs            :  62
		num uvs2           :  0
		num colors         :  0
		num triangles      :  12
	processing begun of mesh:  Text.005
		WARNING: No materials have been assigned: 
		num positions      :  659
		num normals        :  659
		num tangents       :  0
		num uvs            :  1318
		num uvs2           :  0
		num colors         :  0
		num triangles      :  316
	processing begun of mesh:  Text.006
		WARNING: No materials have been assigned: 
		num positions      :  659
		num normals        :  659
		num tangents       :  0
		num uvs            :  1318
		num uvs2           :  0
		num colors         :  0
		num triangles      :  316
	processing begun of mesh:  Text.007
		WARNING: No materials have been assigned: 
		num positions      :  1474
		num normals        :  1474
		num tangents       :  0
		num uvs            :  2948
		num uvs2           :  0
		num colors         :  0
		num triangles      :  692
	processing begun of mesh:  Text.008
		WARNING: No materials have been assigned: 
		num positions      :  659
		num normals        :  659
		num tangents       :  0
		num uvs            :  1318
		num uvs2           :  0
		num colors         :  0
		num triangles      :  316
	processing begun of mesh:  Text.009
		WARNING: No materials have been assigned: 
		num positions      :  1472
		num normals        :  1472
		num tangents       :  0
		num uvs            :  2944
		num uvs2           :  0
		num colors         :  0
		num triangles      :  692
	processing begun of mesh:  Text.010
		WARNING: No materials have been assigned: 
		num positions      :  2194
		num normals        :  2194
		num tangents       :  0
		num uvs            :  4388
		num uvs2           :  0
		num colors         :  0
		num triangles      :  988
	processing begun of mesh:  Text.011
		WARNING: No materials have been assigned: 
		num positions      :  2100
		num normals        :  2100
		num tangents       :  0
		num uvs            :  4200
		num uvs2           :  0
		num colors         :  0
		num triangles      :  980
	processing begun of mesh:  Text.012
		WARNING: No materials have been assigned: 
		num positions      :  1660
		num normals        :  1660
		num tangents       :  0
		num uvs            :  3320
		num uvs2           :  0
		num colors         :  0
		num triangles      :  776
========= Writing of JSON file started =========
	writing mesh:  Text
	writing mesh:  Text.001
	writing mesh:  Text.002
	writing mesh:  Text.003
	writing mesh:  Text.004
	writing mesh:  Text.005
	writing mesh:  Text.006
	writing mesh:  Text.007
	writing mesh:  Text.008
	writing mesh:  Text.009
	writing mesh:  Text.010
	writing mesh:  Text.011
	writing mesh:  Text.012
========= Writing of JSON file completed =========
========= end of processing =========
elapsed time:  0 min, 0.4592 secs
