Exporter version: 2.80.1, Blender version: 2.82 (sub 7)
========= Conversion from Blender to Babylon.js =========
	Scene settings used :
		Inline textures     :  false
		Material Type       :  PBR
		Positions Precision :  4
		Normals Precision   :  3
		UVs Precision       :  3
		Vert Color Precision:  3
		Mat Weight Precision:  2
		Keep Z-up r-handed  :  no
		Texture directory   :  C:\Users\varun\Documents\Visual Studio\varun-unnithan\src\static\
	Python World class constructor completed
	WARNING: No active camera has been assigned, or is not in a currently selected Blender layer
	processing begun of mesh:  github
		processing begun of material:  SVGMat.001
		num positions      :  1224
		num normals        :  1224
		num tangents       :  0
		num uvs            :  2448
		num uvs2           :  0
		num colors         :  0
		num triangles      :  1196
	processing begun of mesh:  gmail
		processing begun of material:  SVGMat.020
		processing begun of material:  SVGMat.015
		processing begun of material:  SVGMat.018
		processing begun of material:  SVGMat.019
		processing begun of material:  SVGMat.021
		processing begun of multimaterial:  connect.Multimaterial#0
		num positions      :  383
		num normals        :  383
		num tangents       :  0
		num uvs            :  766
		num uvs2           :  0
		num colors         :  0
		num triangles      :  348
	processing begun of mesh:  resume
		processing begun of material:  SVGMat.022
		num positions      :  1525
		num normals        :  1525
		num tangents       :  0
		num uvs            :  3050
		num uvs2           :  0
		num colors         :  0
		num triangles      :  1420
	processing begun of mesh:  devpost
		processing begun of material:  SVGMat.034
		processing begun of material:  SVGMat.035
		processing begun of multimaterial:  connect.Multimaterial#1
		num positions      :  249
		num normals        :  249
		num tangents       :  0
		num uvs            :  498
		num uvs2           :  0
		num colors         :  0
		num triangles      :  236
	processing begun of mesh:  linkedin
		processing begun of material:  SVGMat.037
		processing begun of material:  SVGMat.044
		processing begun of material:  SVGMat.045
		processing begun of multimaterial:  connect.Multimaterial#2
		num positions      :  1021
		num normals        :  1021
		num tangents       :  0
		num uvs            :  2042
		num uvs2           :  0
		num colors         :  0
		num triangles      :  940
========= Writing of JSON file started =========
	writing mesh:  github
	writing mesh:  gmail
	writing mesh:  resume
	writing mesh:  devpost
	writing mesh:  linkedin
========= Writing of JSON file completed =========
========= end of processing =========
elapsed time:  0 min, 0.2337 secs
